<?xml version="1.0" encoding="UTF-8"?>
<testsuite name="com.eskerra.go.data.workspace.AppGateResolverTest" tests="4" skipped="0" failures="0" errors="0" timestamp="2026-05-30T10:50:09" hostname="fedora" time="0.0">
  <properties/>
  <testcase name="validConfigAndGitRepo_returnsReady" classname="com.eskerra.go.data.workspace.AppGateResolverTest" time="0.0"/>
  <testcase name="invalidRelativePath_returnsNeedsSetupWithMessage" classname="com.eskerra.go.data.workspace.AppGateResolverTest" time="0.0"/>
  <testcase name="missingGitRepo_returnsNeedsSetup" classname="com.eskerra.go.data.workspace.AppGateResolverTest" time="0.0"/>
  <testcase name="nullConfig_returnsNeedsSetup" classname="com.eskerra.go.data.workspace.AppGateResolverTest" time="0.0"/>
  <system-out><![CDATA[]]></system-out>
  <system-err><![CDATA[]]></system-err>
</testsuite>
