<?xml version="1.0" encoding="UTF-8"?>
<testsuite name="com.eskerra.go.data.workspace.WorkspaceSetupRepositoryTest" tests="8" skipped="0" failures="0" errors="0" timestamp="2026-05-30T10:50:09" hostname="fedora" time="0.033">
  <properties/>
  <testcase name="clone_requiresRemoteUri" classname="com.eskerra.go.data.workspace.WorkspaceSetupRepositoryTest" time="0.0"/>
  <testcase name="clone_rejectsNonFileUri" classname="com.eskerra.go.data.workspace.WorkspaceSetupRepositoryTest" time="0.001"/>
  <testcase name="cloneFromFileRemote_populatesFixedWorkspacePath" classname="com.eskerra.go.data.workspace.WorkspaceSetupRepositoryTest" time="0.015"/>
  <testcase name="clone_missingBranch_cleansUpWorkspaceDirectory" classname="com.eskerra.go.data.workspace.WorkspaceSetupRepositoryTest" time="0.011"/>
  <testcase name="initializeLocal_createsGitRepoAtFixedPath" classname="com.eskerra.go.data.workspace.WorkspaceSetupRepositoryTest" time="0.002"/>
  <testcase name="clone_rejectsBlankBranch" classname="com.eskerra.go.data.workspace.WorkspaceSetupRepositoryTest" time="0.001"/>
  <testcase name="completeSetup_rejectsBlankName" classname="com.eskerra.go.data.workspace.WorkspaceSetupRepositoryTest" time="0.001"/>
  <testcase name="clone_missingRemotePath_mapsToInvalidRepository" classname="com.eskerra.go.data.workspace.WorkspaceSetupRepositoryTest" time="0.002"/>
  <system-out><![CDATA[]]></system-out>
  <system-err><![CDATA[]]></system-err>
</testsuite>
