<?xml version="1.0" encoding="UTF-8"?>
<testsuite name="com.eskerra.go.data.workspace.WorkspacePathsTest" tests="7" skipped="0" failures="0" errors="0" timestamp="2026-05-30T10:50:09" hostname="fedora" time="0.001">
  <properties/>
  <testcase name="validateRelativePath_acceptsDefaultPath" classname="com.eskerra.go.data.workspace.WorkspacePathsTest" time="0.0"/>
  <testcase name="validateRelativePath_rejectsParentTraversal" classname="com.eskerra.go.data.workspace.WorkspacePathsTest" time="0.0"/>
  <testcase name="resolve_rejectsUnsafeRelativePath" classname="com.eskerra.go.data.workspace.WorkspacePathsTest" time="0.0"/>
  <testcase name="validateRelativePath_rejectsAbsolute" classname="com.eskerra.go.data.workspace.WorkspacePathsTest" time="0.0"/>
  <testcase name="isValidGitWorkspace_requiresDotGitDirectory" classname="com.eskerra.go.data.workspace.WorkspacePathsTest" time="0.0"/>
  <testcase name="validateRelativePath_rejectsBlank" classname="com.eskerra.go.data.workspace.WorkspacePathsTest" time="0.001"/>
  <testcase name="resolve_staysInsideFilesDir" classname="com.eskerra.go.data.workspace.WorkspacePathsTest" time="0.0"/>
  <system-out><![CDATA[]]></system-out>
  <system-err><![CDATA[]]></system-err>
</testsuite>
