<?xml version="1.0" encoding="UTF-8"?>
<testsuite name="com.eskerra.go.data.workspace.WorkspaceSetupCompletionTest" tests="4" skipped="0" failures="0" errors="0" timestamp="2026-05-30T10:50:09" hostname="fedora" time="0.014">
  <properties/>
  <testcase name="completeAndPersist_savesMetadataAndCredentialSeparately" classname="com.eskerra.go.data.workspace.WorkspaceSetupCompletionTest" time="0.006"/>
  <testcase name="completeAndPersist_metadataSaveFailure_clearsSavedCredential" classname="com.eskerra.go.data.workspace.WorkspaceSetupCompletionTest" time="0.002"/>
  <testcase name="completeAndPersist_metadataSaveFailure_returnsErrorAndDoesNotAdvance" classname="com.eskerra.go.data.workspace.WorkspaceSetupCompletionTest" time="0.001"/>
  <testcase name="completeAndPersist_credentialNotStoredInWorkspaceConfig" classname="com.eskerra.go.data.workspace.WorkspaceSetupCompletionTest" time="0.004"/>
  <system-out><![CDATA[]]></system-out>
  <system-err><![CDATA[]]></system-err>
</testsuite>
