<?xml version="1.0" encoding="UTF-8"?>
<testsuite name="com.eskerra.go.data.workspace.WorkspaceSetupErrorTest" tests="7" skipped="0" failures="0" errors="0" timestamp="2026-05-30T10:50:09" hostname="fedora" time="0.001">
  <properties/>
  <testcase name="isBranchRefError_rejectsGenericPathNotFound" classname="com.eskerra.go.data.workspace.WorkspaceSetupErrorTest" time="0.0"/>
  <testcase name="mapCloneFailure_doesNotMapGenericNotFoundToBranchNotFound" classname="com.eskerra.go.data.workspace.WorkspaceSetupErrorTest" time="0.001"/>
  <testcase name="isInvalidRepositoryError_matchesMissingPath" classname="com.eskerra.go.data.workspace.WorkspaceSetupErrorTest" time="0.0"/>
  <testcase name="mapCloneFailure_mapsAuthErrors" classname="com.eskerra.go.data.workspace.WorkspaceSetupErrorTest" time="0.0"/>
  <testcase name="mapCloneFailure_mapsRefErrorsToBranchNotFound" classname="com.eskerra.go.data.workspace.WorkspaceSetupErrorTest" time="0.0"/>
  <testcase name="branchNotFound_includesBranchName" classname="com.eskerra.go.data.workspace.WorkspaceSetupErrorTest" time="0.0"/>
  <testcase name="unsupportedRemoteScheme_hasExplicitMessage" classname="com.eskerra.go.data.workspace.WorkspaceSetupErrorTest" time="0.0"/>
  <system-out><![CDATA[]]></system-out>
  <system-err><![CDATA[]]></system-err>
</testsuite>
