<?xml version="1.0" encoding="UTF-8"?>
<testsuite name="com.eskerra.go.data.workspace.FakeWorkspaceStoreTest" tests="3" skipped="0" failures="0" errors="0" timestamp="2026-05-30T10:50:09" hostname="fedora" time="0.001">
  <properties/>
  <testcase name="read_returnsNullWhenUnset" classname="com.eskerra.go.data.workspace.FakeWorkspaceStoreTest" time="0.001"/>
  <testcase name="clear_removesConfig" classname="com.eskerra.go.data.workspace.FakeWorkspaceStoreTest" time="0.0"/>
  <testcase name="saveAndRead_roundTrip" classname="com.eskerra.go.data.workspace.FakeWorkspaceStoreTest" time="0.0"/>
  <system-out><![CDATA[]]></system-out>
  <system-err><![CDATA[]]></system-err>
</testsuite>
