<?xml version="1.0" encoding="UTF-8"?>
<testsuite name="com.eskerra.go.app.AppGateViewModelTest" tests="4" skipped="0" failures="0" errors="0" timestamp="2026-05-30T10:50:08" hostname="fedora" time="0.027">
  <properties/>
  <testcase name="refreshGate_withValidConfig_movesToReady" classname="com.eskerra.go.app.AppGateViewModelTest" time="0.025"/>
  <testcase name="refreshGate_withNoConfig_movesToNeedsSetup" classname="com.eskerra.go.app.AppGateViewModelTest" time="0.001"/>
  <testcase name="refreshGate_afterPersistedConfig_skipsSetup" classname="com.eskerra.go.app.AppGateViewModelTest" time="0.0"/>
  <testcase name="markReady_movesToReadyWithoutSaving" classname="com.eskerra.go.app.AppGateViewModelTest" time="0.0"/>
  <system-out><![CDATA[]]></system-out>
  <system-err><![CDATA[]]></system-err>
</testsuite>
