<?xml version="1.0" encoding="UTF-8"?>
<testsuite name="com.eskerra.go.data.git.JGitWorkspaceRemoteTest" tests="4" skipped="0" failures="0" errors="0" timestamp="2026-05-30T10:50:08" hostname="fedora" time="0.123">
  <properties/>
  <testcase name="fetchAndFastForwardPull_bringInRemoteCommits" classname="com.eskerra.go.data.git.JGitWorkspaceRemoteTest" time="0.08"/>
  <testcase name="pushedCommit_isVisibleToAFreshClone" classname="com.eskerra.go.data.git.JGitWorkspaceRemoteTest" time="0.017"/>
  <testcase name="cloneFrom_failsWhenTargetIsNotEmpty" classname="com.eskerra.go.data.git.JGitWorkspaceRemoteTest" time="0.001"/>
  <testcase name="pullFastForwardOnly_failsOnDivergentHistory" classname="com.eskerra.go.data.git.JGitWorkspaceRemoteTest" time="0.025"/>
  <system-out><![CDATA[]]></system-out>
  <system-err><![CDATA[]]></system-err>
</testsuite>
